24.08.2020 18:23:23 [ INFO  ] Клетка № 1 готова
24.08.2020 18:23:23 [ INFO  ] Клетка № 2 готова
24.08.2020 18:23:23 [ INFO  ] Клетка № 3 готова
24.08.2020 18:23:23 [ INFO  ] Клетка № 4 готова
24.08.2020 18:23:23 [ INFO  ] Тигр Иннокентий теперь в клетке № 1
24.08.2020 18:23:23 [ ERROR ] Размер клетки № 1 не удобен для Аллигатор Алли!
24.08.2020 18:23:23 [ INFO  ] В КЛЕТКЕ № 1 НАХОДЯТСЯ: [Тигр Иннокентий]
24.08.2020 18:23:23 [ ERROR ] WrongFoodException: НЕПОДХОДЯЩЕЕ ПИТАНИЕ. Тигр Иннокентий не ест [зелень]
24.08.2020 18:23:23 [ INFO  ] Лемур Тимми теперь в клетке № 2
24.08.2020 18:23:23 [ ERROR ] Размер клетки № 2 не удобен для Панда Энди!
24.08.2020 18:23:23 [ INFO  ] Утка Дашутка теперь в клетке № 2
24.08.2020 18:23:23 [ ERROR ] Размер клетки № 2 не удобен для Жираф Гари!
24.08.2020 18:23:23 [ INFO  ] В КЛЕТКЕ № 2 НАХОДЯТСЯ: [Лемур Тимми, Утка Дашутка]
24.08.2020 18:23:23 [ INFO  ] Утка Дашутка ест [зелень]
24.08.2020 18:23:23 [ ERROR ] WrongFoodException: НЕПОДХОДЯЩЕЕ ПИТАНИЕ. Утка Дашутка не ест [приготовленное мясо]
24.08.2020 18:23:23 [ INFO  ] Утка Дашутка и такое ест!:) [живой протеин (рыба/насекомые/грызуны)]
24.08.2020 18:23:23 [ INFO  ] Жираф Гари теперь в клетке № 3
24.08.2020 18:23:23 [ ERROR ] Жираф Гари уже находится в этой клетке
24.08.2020 18:23:23 [ INFO  ] В КЛЕТКЕ № 3 НАХОДЯТСЯ: [Жираф Гари]
24.08.2020 18:23:23 [ INFO  ] Волк Степан теперь в клетке № 4
24.08.2020 18:23:23 [ INFO  ] В КЛЕТКЕ № 4 НАХОДЯТСЯ: [Волк Степан]
